<?xml version="1.0" encoding="UTF-8"?>
<!-- Generated by org.testng.reporters.JUnitXMLReporter -->
<testsuite hostname="LAP-04-3039" ignored="0" name="LogicalTest" tests="9" failures="0" timestamp="2020-11-20T15:27:24 IST" time="1.515" errors="0">
  <testcase name="accountCreationTest" time="0.011" classname="com.csscorp.bankapp.test.BankAppTest"/>
  <testcase name="accountCreationTest" time="0.005" classname="com.csscorp.bankapp.test.BankAppTest"/>
  <testcase name="accountCreationTest" time="0.002" classname="com.csscorp.bankapp.test.BankAppTest"/>
  <testcase name="accountCreationTest" time="0.001" classname="com.csscorp.bankapp.test.BankAppTest"/>
  <testcase name="ExceptionTest" time="0.001" classname="com.csscorp.bankapp.test.BankAppTest"/>
  <testcase name="ExceptionTest1" time="0.004" classname="com.csscorp.bankapp.test.BankAppTest"/>
  <testcase name="withdrawTest" time="0.001" classname="com.csscorp.bankapp.test.BankAppTest"/>
  <testcase name="withdrawTest" time="0.002" classname="com.csscorp.bankapp.test.BankAppTest"/>
  <testcase name="withdrawTest" time="0.001" classname="com.csscorp.bankapp.test.BankAppTest"/>
</testsuite> <!-- LogicalTest -->
